<?xml version="1.0" encoding="UTF-8"?>
<testng-results skipped="4" failed="0" total="4" passed="0">
  <reporter-output>
  </reporter-output>
  <suite name="Default suite" duration-ms="371" started-at="2022-06-03T06:01:13Z" finished-at="2022-06-03T06:01:14Z">
    <groups>
      <group name="Smoke">
        <method signature="SecondtestCase.division()[pri:0, instance:feb23.SecondtestCase@1ae369b7]" name="division" class="feb23.SecondtestCase"/>
      </group> <!-- Smoke -->
    </groups>
    <test name="Default test" duration-ms="371" started-at="2022-06-03T06:01:13Z" finished-at="2022-06-03T06:01:14Z">
      <class name="feb23.SecondtestCase">
        <test-method status="FAIL" signature="setup()[pri:0, instance:feb23.SecondtestCase@1ae369b7]" name="setup" is-config="true" duration-ms="0" started-at="2022-06-03T11:31:13Z" finished-at="2022-06-03T11:31:13Z">
          <exception class="java.lang.IllegalStateException">
            <message>
              <![CDATA[The path to the driver executable must be set by the webdriver.chrome.driver system property; for more information, see https://github.com/SeleniumHQ/selenium/wiki/ChromeDriver. The latest version can be downloaded from http://chromedriver.storage.googleapis.com/index.html]]>
            </message>
            <full-stacktrace>
              <![CDATA[java.lang.IllegalStateException: The path to the driver executable must be set by the webdriver.chrome.driver system property; for more information, see https://github.com/SeleniumHQ/selenium/wiki/ChromeDriver. The latest version can be downloaded from http://chromedriver.storage.googleapis.com/index.html
	at com.google.common.base.Preconditions.checkState(Preconditions.java:847)
	at org.openqa.selenium.remote.service.DriverService.findExecutable(DriverService.java:125)
	at org.openqa.selenium.chrome.ChromeDriverService.access$000(ChromeDriverService.java:35)
	at org.openqa.selenium.chrome.ChromeDriverService$Builder.findDefaultExecutable(ChromeDriverService.java:156)
	at org.openqa.selenium.remote.service.DriverService$Builder.build(DriverService.java:346)
	at org.openqa.selenium.chrome.ChromeDriverService.createDefaultService(ChromeDriverService.java:91)
	at org.openqa.selenium.chrome.ChromeDriver.<init>(ChromeDriver.java:123)
	at feb23.SecondtestCase.setup(SecondtestCase.java:17)
	at sun.reflect.NativeMethodAccessorImpl.invoke0(Native Method)
	at sun.reflect.NativeMethodAccessorImpl.invoke(Unknown Source)
	at sun.reflect.DelegatingMethodAccessorImpl.invoke(Unknown Source)
	at java.lang.reflect.Method.invoke(Unknown Source)
	at org.testng.internal.MethodInvocationHelper.invokeMethod(MethodInvocationHelper.java:85)
	at org.testng.internal.Invoker.invokeConfigurationMethod(Invoker.java:521)
	at org.testng.internal.Invoker.invokeConfigurations(Invoker.java:213)
	at org.testng.internal.Invoker.invokeConfigurations(Invoker.java:140)
	at org.testng.TestRunner.beforeRun(TestRunner.java:645)
	at org.testng.TestRunner.run(TestRunner.java:613)
	at org.testng.SuiteRunner.runTest(SuiteRunner.java:357)
	at org.testng.SuiteRunner.runSequentially(SuiteRunner.java:352)
	at org.testng.SuiteRunner.privateRun(SuiteRunner.java:310)
	at org.testng.SuiteRunner.run(SuiteRunner.java:259)
	at org.testng.SuiteRunnerWorker.runSuite(SuiteRunnerWorker.java:52)
	at org.testng.SuiteRunnerWorker.run(SuiteRunnerWorker.java:86)
	at org.testng.TestNG.runSuitesSequentially(TestNG.java:1200)
	at org.testng.TestNG.runSuitesLocally(TestNG.java:1125)
	at org.testng.TestNG.run(TestNG.java:1033)
	at org.testng.remote.RemoteTestNG.run(RemoteTestNG.java:111)
	at org.testng.remote.RemoteTestNG.initAndRun(RemoteTestNG.java:204)
	at org.testng.remote.RemoteTestNG.main(RemoteTestNG.java:175)
]]>
            </full-stacktrace>
          </exception> <!-- java.lang.IllegalStateException -->
          <reporter-output>
          </reporter-output>
        </test-method> <!-- setup -->
        <test-method status="SKIP" signature="multplication()[pri:0, instance:feb23.SecondtestCase@1ae369b7]" name="multplication" duration-ms="1" started-at="2022-06-03T11:31:13Z" finished-at="2022-06-03T11:31:13Z">
          <reporter-output>
          </reporter-output>
        </test-method> <!-- multplication -->
        <test-method status="SKIP" signature="division()[pri:0, instance:feb23.SecondtestCase@1ae369b7]" name="division" duration-ms="0" started-at="2022-06-03T11:31:13Z" finished-at="2022-06-03T11:31:13Z">
          <reporter-output>
          </reporter-output>
        </test-method> <!-- division -->
        <test-method status="SKIP" signature="addtion()[pri:0, instance:feb23.SecondtestCase@1ae369b7]" name="addtion" duration-ms="2" started-at="2022-06-03T11:31:14Z" finished-at="2022-06-03T11:31:14Z">
          <reporter-output>
          </reporter-output>
        </test-method> <!-- addtion -->
        <test-method status="SKIP" signature="substraction(java.lang.String)[pri:0, instance:feb23.SecondtestCase@1ae369b7]" name="substraction" duration-ms="0" started-at="2022-06-03T11:31:14Z" finished-at="2022-06-03T11:31:14Z">
          <exception class="org.testng.TestNGException">
            <message>
              <![CDATA[
Parameter 'URL2' is required by @Test on method substraction but has not been marked @Optional or defined
in C:\Users\welcome\AppData\Local\Temp\testng-eclipse-1907821864\testng-customsuite.xml]]>
            </message>
            <full-stacktrace>
              <![CDATA[org.testng.TestNGException: 
Parameter 'URL2' is required by @Test on method substraction but has not been marked @Optional or defined
in C:\Users\welcome\AppData\Local\Temp\testng-eclipse-1907821864\testng-customsuite.xml
	at org.testng.internal.Parameters.createParameters(Parameters.java:159)
	at org.testng.internal.Parameters.createParameters(Parameters.java:372)
	at org.testng.internal.Parameters.handleParameters(Parameters.java:462)
	at org.testng.internal.Invoker.handleParameters(Invoker.java:1303)
	at org.testng.internal.Invoker.createParameters(Invoker.java:1019)
	at org.testng.internal.Invoker.invokeTestMethods(Invoker.java:1108)
	at org.testng.internal.TestMethodWorker.invokeTestMethods(TestMethodWorker.java:124)
	at org.testng.internal.TestMethodWorker.run(TestMethodWorker.java:108)
	at org.testng.TestRunner.privateRun(TestRunner.java:771)
	at org.testng.TestRunner.run(TestRunner.java:621)
	at org.testng.SuiteRunner.runTest(SuiteRunner.java:357)
	at org.testng.SuiteRunner.runSequentially(SuiteRunner.java:352)
	at org.testng.SuiteRunner.privateRun(SuiteRunner.java:310)
	at org.testng.SuiteRunner.run(SuiteRunner.java:259)
	at org.testng.SuiteRunnerWorker.runSuite(SuiteRunnerWorker.java:52)
	at org.testng.SuiteRunnerWorker.run(SuiteRunnerWorker.java:86)
	at org.testng.TestNG.runSuitesSequentially(TestNG.java:1200)
	at org.testng.TestNG.runSuitesLocally(TestNG.java:1125)
	at org.testng.TestNG.run(TestNG.java:1033)
	at org.testng.remote.RemoteTestNG.run(RemoteTestNG.java:111)
	at org.testng.remote.RemoteTestNG.initAndRun(RemoteTestNG.java:204)
	at org.testng.remote.RemoteTestNG.main(RemoteTestNG.java:175)
]]>
            </full-stacktrace>
          </exception> <!-- org.testng.TestNGException -->
          <reporter-output>
          </reporter-output>
        </test-method> <!-- substraction -->
        <test-method status="SKIP" signature="teardown()[pri:0, instance:feb23.SecondtestCase@1ae369b7]" name="teardown" is-config="true" duration-ms="0" started-at="2022-06-03T11:31:14Z" finished-at="2022-06-03T11:31:14Z">
          <reporter-output>
          </reporter-output>
        </test-method> <!-- teardown -->
      </class> <!-- feb23.SecondtestCase -->
    </test> <!-- Default test -->
  </suite> <!-- Default suite -->
</testng-results>
